#
# There is insufficient memory for the Java Runtime Environment to continue.
# Native memory allocation (mmap) failed to map 134217728 bytes for G1 virtual space
# Possible reasons:
#   The system is out of physical RAM or swap space
#   The process is running with CompressedOops enabled, and the Java Heap may be blocking the growth of the native heap
# Possible solutions:
#   Reduce memory load on the system
#   Increase physical memory or swap space
#   Check if swap backing store is full
#   Decrease Java heap size (-Xmx/-Xms)
#   Decrease number of Java threads
#   Decrease Java thread stack sizes (-Xss)
#   Set larger code cache with -XX:ReservedCodeCacheSize=
#   JVM is running with Unscaled Compressed Oops mode in which the Java heap is
#     placed in the first 4GB address space. The Java Heap base address is the
#     maximum limit for the native heap growth. Please use -XX:HeapBaseMinAddress
#     to set the Java Heap base and to place the Java Heap above 4GB virtual address.
# This output file may be truncated or incomplete.
#
#  Out of Memory Error (./open/src/hotspot/os/windows/os_windows.cpp:3472), pid=11848, tid=7764
#
# JRE version:  (15.0.1+9) (build )
# Java VM: OpenJDK 64-Bit Server VM (15.0.1+9-18, mixed mode, sharing, tiered, compressed oops, g1 gc, windows-amd64)
# No core dump will be written. Minidumps are not enabled by default on client versions of Windows
#

---------------  S U M M A R Y ------------

Command Line: --module-path=C:\Users\Karakan Real Edition\Downloads\javafx-sdk-16\lib --add-modules=javafx.controls,javafx.fxml -Dfile.encoding=UTF-8 -XX:+ShowCodeDetailsInExceptionMessages application.Main

Host: Intel(R) Core(TM) i5-4460  CPU @ 3.20GHz, 4 cores, 7G,  Windows 10 , 64 bit Build 19041 (10.0.19041.928)
Time: Sat May 29 15:37:59 2021 Central European Daylight Time elapsed time: 0.013597 seconds (0d 0h 0m 0s)

---------------  T H R E A D  ---------------

Current thread (0x00000195684e6e30):  JavaThread "Unknown thread" [_thread_in_vm, id=7764, stack(0x0000005db2e00000,0x0000005db2f00000)]

Stack: [0x0000005db2e00000,0x0000005db2f00000]
Native frames: (J=compiled Java code, j=interpreted, Vv=VM code, C=native code)
V  [jvm.dll+0x62ae9a]
V  [jvm.dll+0x781389]
V  [jvm.dll+0x782ae3]
V  [jvm.dll+0x783143]
V  [jvm.dll+0x216265]
V  [jvm.dll+0x6281d9]
V  [jvm.dll+0x61cd15]
V  [jvm.dll+0x2d01fd]
V  [jvm.dll+0x2d0062]
V  [jvm.dll+0x2d603c]
V  [jvm.dll+0x325b2a]
V  [jvm.dll+0x3251f4]
V  [jvm.dll+0x2a717a]
V  [jvm.dll+0x2a8318]
V  [jvm.dll+0x75e101]
V  [jvm.dll+0x3343e4]
V  [jvm.dll+0x73e826]
V  [jvm.dll+0x3b7777]
V  [jvm.dll+0x3b9201]
C  [jli.dll+0x52fb]
C  [ucrtbase.dll+0x21bb2]
C  [KERNEL32.DLL+0x17034]
C  [ntdll.dll+0x52651]


---------------  P R O C E S S  ---------------

Threads class SMR info:
_java_thread_list=0x00007ffb24674ff0, length=0, elements={
}

Java Threads: ( => current thread )

Other Threads:
  0x00000195685278e0 GCTaskThread "GC Thread#0" [stack: 0x0000005db2f00000,0x0000005db3000000] [id=3976]
  0x0000019568539a40 ConcurrentGCThread "G1 Main Marker" [stack: 0x0000005db3000000,0x0000005db3100000] [id=10640]
  0x000001956853af90 ConcurrentGCThread "G1 Conc#0" [stack: 0x0000005db3100000,0x0000005db3200000] [id=11808]

[error occurred during error reporting (printing all threads), id 0xc0000005, EXCEPTION_ACCESS_VIOLATION (0xc0000005) at pc=0x00007ffb23e68047]

VM state: not at safepoint (not fully initialized)

VM Mutex/Monitor currently owned by a thread:  ([mutex/lock_event])
[0x00000195684e1950] Heap_lock - owner thread: 0x00000195684e6e30

Heap address: 0x0000000080c00000, size: 2036 MB, Compressed Oops mode: 32-bit
CDS archive(s) mapped at: [0x0000000000000000-0x0000000000000000-0x0000000000000000), size 0, SharedBaseAddress: 0x0000000800000000, ArchiveRelocationMode: 0.
Narrow klass base: 0x0000000000000000, Narrow klass shift: 0, Narrow klass range: 0x0

Heap:
 garbage-first heap   total 131072K, used 0K [0x0000000080c00000, 0x0000000100000000)
  region size 1024K, 0 young (0K), 0 survivors (0K)
 Metaspace       used 0K, capacity 0K, committed 0K, reserved 0K
  class space    used 0K, capacity 0K, committed 0K, reserved 0K

Heap Regions: E=young(eden), S=young(survivor), O=old, HS=humongous(starts), HC=humongous(continues), CS=collection set, F=free, OA=open archive, CA=closed archive, TAMS=top-at-mark-start (previous, next)

Card table byte_map: [0x000001957b300000,0x000001957b700000] _byte_map_base: 0x000001957aefa000

Marking Bits (Prev, Next): (CMBitMap*) 0x0000019568529160, (CMBitMap*) 0x00000195685291a0
 Prev Bits: [0x000001957bb00000, 0x000001957dad0000)
 Next Bits: [0x000001957dad0000, 0x000001957faa0000)

GC Heap History (0 events):
No events

Deoptimization events (0 events):
No events

Classes unloaded (0 events):
No events

Classes redefined (0 events):
No events

Internal exceptions (0 events):
No events

Events (1 events):
Event: 0.006 Loaded shared library C:\Users\Karakan Real Edition\.p2\pool\plugins\org.eclipse.justj.openjdk.hotspot.jre.full.win32.x86_64_15.0.1.v20201027-0507\jre\bin\java.dll


Dynamic libraries:
0x00007ff652eb0000 - 0x00007ff652ebd000 	C:\Users\Karakan Real Edition\.p2\pool\plugins\org.eclipse.justj.openjdk.hotspot.jre.full.win32.x86_64_15.0.1.v20201027-0507\jre\bin\javaw.exe
0x00007ffb528d0000 - 0x00007ffb52ac5000 	C:\Windows\SYSTEM32\ntdll.dll
0x00007ffb51f10000 - 0x00007ffb51fcd000 	C:\Windows\System32\KERNEL32.DLL
0x00007ffb503a0000 - 0x00007ffb50668000 	C:\Windows\System32\KERNELBASE.dll
0x00007ffb50720000 - 0x00007ffb50820000 	C:\Windows\System32\ucrtbase.dll
0x00007ffb3b200000 - 0x00007ffb3b218000 	C:\Users\Karakan Real Edition\.p2\pool\plugins\org.eclipse.justj.openjdk.hotspot.jre.full.win32.x86_64_15.0.1.v20201027-0507\jre\bin\jli.dll
0x00007ffb50de0000 - 0x00007ffb50f80000 	C:\Windows\System32\USER32.dll
0x00007ffb50670000 - 0x00007ffb50692000 	C:\Windows\System32\win32u.dll
0x00007ffb512f0000 - 0x00007ffb5131a000 	C:\Windows\System32\GDI32.dll
0x00007ffb50820000 - 0x00007ffb5092b000 	C:\Windows\System32\gdi32full.dll
0x00007ffb501d0000 - 0x00007ffb5026d000 	C:\Windows\System32\msvcp_win.dll
0x00007ffb39520000 - 0x00007ffb39539000 	C:\Users\Karakan Real Edition\.p2\pool\plugins\org.eclipse.justj.openjdk.hotspot.jre.full.win32.x86_64_15.0.1.v20201027-0507\jre\bin\VCRUNTIME140.dll
0x00007ffb3efc0000 - 0x00007ffb3f25a000 	C:\Windows\WinSxS\amd64_microsoft.windows.common-controls_6595b64144ccf1df_6.0.19041.844_none_ca00b6081b84eb1d\COMCTL32.dll
0x00007ffb50ff0000 - 0x00007ffb5108e000 	C:\Windows\System32\msvcrt.dll
0x00007ffb51970000 - 0x00007ffb519a0000 	C:\Windows\System32\IMM32.DLL
0x00007ffb3e730000 - 0x00007ffb3e73c000 	C:\Users\Karakan Real Edition\.p2\pool\plugins\org.eclipse.justj.openjdk.hotspot.jre.full.win32.x86_64_15.0.1.v20201027-0507\jre\bin\vcruntime140_1.dll
0x00007ffb38760000 - 0x00007ffb387f1000 	C:\Users\Karakan Real Edition\.p2\pool\plugins\org.eclipse.justj.openjdk.hotspot.jre.full.win32.x86_64_15.0.1.v20201027-0507\jre\bin\msvcp140.dll
0x00007ffb23bb0000 - 0x00007ffb2470e000 	C:\Users\Karakan Real Edition\.p2\pool\plugins\org.eclipse.justj.openjdk.hotspot.jre.full.win32.x86_64_15.0.1.v20201027-0507\jre\bin\server\jvm.dll
0x00007ffb518c0000 - 0x00007ffb5196c000 	C:\Windows\System32\ADVAPI32.dll
0x00007ffb527f0000 - 0x00007ffb5288b000 	C:\Windows\System32\sechost.dll
0x00007ffb50c00000 - 0x00007ffb50d2b000 	C:\Windows\System32\RPCRT4.dll
0x00007ffb50f80000 - 0x00007ffb50f88000 	C:\Windows\System32\PSAPI.DLL
0x00007ffb4b850000 - 0x00007ffb4b859000 	C:\Windows\SYSTEM32\WSOCK32.dll
0x00007ffb51320000 - 0x00007ffb5138b000 	C:\Windows\System32\WS2_32.dll
0x00007ffb48070000 - 0x00007ffb48097000 	C:\Windows\SYSTEM32\WINMM.dll
0x00007ffb480a0000 - 0x00007ffb480aa000 	C:\Windows\SYSTEM32\VERSION.dll
0x00007ffb4df80000 - 0x00007ffb4df92000 	C:\Windows\SYSTEM32\kernel.appcore.dll
0x00007ffb4bfe0000 - 0x00007ffb4bfea000 	C:\Users\Karakan Real Edition\.p2\pool\plugins\org.eclipse.justj.openjdk.hotspot.jre.full.win32.x86_64_15.0.1.v20201027-0507\jre\bin\jimage.dll
0x00007ffb3f930000 - 0x00007ffb3fb14000 	C:\Windows\SYSTEM32\DBGHELP.DLL
0x00007ffb3f880000 - 0x00007ffb3f8ac000 	C:\Windows\SYSTEM32\dbgcore.DLL
0x00007ffb50270000 - 0x00007ffb502f0000 	C:\Windows\System32\bcryptPrimitives.dll
0x00007ffb3e810000 - 0x00007ffb3e835000 	C:\Users\Karakan Real Edition\.p2\pool\plugins\org.eclipse.justj.openjdk.hotspot.jre.full.win32.x86_64_15.0.1.v20201027-0507\jre\bin\java.dll

dbghelp: loaded successfully - version: 4.0.5 - missing functions: none
symbol engine: initialized successfully - sym options: 0x614 - pdb path: .;C:\Users\Karakan Real Edition\.p2\pool\plugins\org.eclipse.justj.openjdk.hotspot.jre.full.win32.x86_64_15.0.1.v20201027-0507\jre\bin;C:\Windows\SYSTEM32;C:\Windows\WinSxS\amd64_microsoft.windows.common-controls_6595b64144ccf1df_6.0.19041.844_none_ca00b6081b84eb1d;C:\Users\Karakan Real Edition\.p2\pool\plugins\org.eclipse.justj.openjdk.hotspot.jre.full.win32.x86_64_15.0.1.v20201027-0507\jre\bin\server

VM Arguments:
jvm_args: --module-path=C:\Users\Karakan Real Edition\Downloads\javafx-sdk-16\lib --add-modules=javafx.controls,javafx.fxml -Dfile.encoding=UTF-8 -XX:+ShowCodeDetailsInExceptionMessages 
java_command: application.Main
java_class_path (initial): C:\Users\Karakan Real Edition\eclipse-workspace\DarwinWorld\target\classes;C:\Users\Karakan Real Edition\Downloads\javafx-sdk-16\lib\javafx.base.jar;C:\Users\Karakan Real Edition\Downloads\javafx-sdk-16\lib\javafx.controls.jar;C:\Users\Karakan Real Edition\Downloads\javafx-sdk-16\lib\javafx.fxml.jar;C:\Users\Karakan Real Edition\Downloads\javafx-sdk-16\lib\javafx.graphics.jar;C:\Users\Karakan Real Edition\Downloads\javafx-sdk-16\lib\javafx.media.jar;C:\Users\Karakan Real Edition\Downloads\javafx-sdk-16\lib\javafx.swing.jar;C:\Users\Karakan Real Edition\Downloads\javafx-sdk-16\lib\javafx.web.jar;C:\Users\Karakan Real Edition\Downloads\javafx-sdk-16\lib\javafx-swt.jar;C:\Users\Karakan Real Edition\Downloads\apache-maven-3.8.1\lib\cdi-api-1.0.jar;C:\Users\Karakan Real Edition\Downloads\apache-maven-3.8.1\lib\commons-cli-1.4.jar;C:\Users\Karakan Real Edition\Downloads\apache-maven-3.8.1\lib\commons-io-2.5.jar;C:\Users\Karakan Real Edition\Downloads\apache-maven-3.8.1\lib\commons-lang3-3.8.1.jar;C:\Users\Karakan Real Edition\Downloads\apache-maven-3.8.1\lib\guava-25.1-android.jar;C:\Users\Karakan Real Edition\Downloads\apache-maven-3.8.1\lib\guice-4.2.1-no_aop.jar;C:\Users\Karakan Real Edition\Downloads\apache-maven-3.8.1\lib\jansi-1.17.1.jar;C:\Users\Karakan Real Edition\Downloads\apache-maven-3.8.1\lib\javax.inject-1.jar;C:\Users\Karakan Real Edition\Downloads\apache-maven-3.8.1\lib\jcl-over-slf4j-1.7.29.jar;C:\Users\Karakan Real Edition\Downloads\apache-maven-3.8.1\lib\jsoup-1.12.1.jar;C:\Users\Karakan Real Edition\Downloads\apache-maven-3.8.1\lib\jsr250-api-1.0.jar;C:\Users\Karakan Real Edition\Downloads\apache-maven-3.8.1\lib\maven-artifact-3.8.1.jar;C:\Users\Karakan Real Edition\Downloads\apache-maven-3.8.1\lib\maven-builder-support-3.8.1.jar;C:\Users\Karakan Real Edition\Downloads\apache-maven-3.8.1\lib\maven-compat-3.8.1.jar;C:\Users\Karakan Real Edition\Downloads\apache-maven-3.8.1\lib\maven-core-3.8.1.jar;C:\Users\Karakan Real Editi
Launcher Type: SUN_STANDARD

[Global flags]
     intx CICompilerCount                          = 3                                         {product} {ergonomic}
     uint ConcGCThreads                            = 1                                         {product} {ergonomic}
     uint G1ConcRefinementThreads                  = 4                                         {product} {ergonomic}
   size_t G1HeapRegionSize                         = 1048576                                   {product} {ergonomic}
    uintx GCDrainStackTargetSize                   = 64                                        {product} {ergonomic}
   size_t InitialHeapSize                          = 134217728                                 {product} {ergonomic}
   size_t MarkStackSize                            = 4194304                                   {product} {ergonomic}
   size_t MaxHeapSize                              = 2134900736                                {product} {ergonomic}
   size_t MinHeapDeltaBytes                        = 1048576                                   {product} {ergonomic}
   size_t MinHeapSize                              = 8388608                                   {product} {ergonomic}
    uintx NonNMethodCodeHeapSize                   = 5832780                                {pd product} {ergonomic}
    uintx NonProfiledCodeHeapSize                  = 122912730                              {pd product} {ergonomic}
    uintx ProfiledCodeHeapSize                     = 122912730                              {pd product} {ergonomic}
    uintx ReservedCodeCacheSize                    = 251658240                              {pd product} {ergonomic}
     bool SegmentedCodeCache                       = true                                      {product} {ergonomic}
     bool ShowCodeDetailsInExceptionMessages       = true                                   {manageable} {command line}
   size_t SoftMaxHeapSize                          = 2134900736                             {manageable} {ergonomic}
     bool UseCompressedClassPointers               = true                                 {lp64_product} {ergonomic}
     bool UseCompressedOops                        = true                                 {lp64_product} {ergonomic}
     bool UseG1GC                                  = true                                      {product} {ergonomic}
     bool UseLargePagesIndividualAllocation        = false                                  {pd product} {ergonomic}

Logging:
Log output configuration:
 #0: stdout all=warning uptime,level,tags
 #1: stderr all=off uptime,level,tags

Environment Variables:
PATH=C:/Users/Karakan Real Edition/.p2/pool/plugins/org.eclipse.justj.openjdk.hotspot.jre.full.win32.x86_64_15.0.1.v20201027-0507/jre/bin/server;C:/Users/Karakan Real Edition/.p2/pool/plugins/org.eclipse.justj.openjdk.hotspot.jre.full.win32.x86_64_15.0.1.v20201027-0507/jre/bin;C:\Program Files\Common Files\Oracle\Java\javapath;C:\Windows\system32;C:\Windows;C:\Windows\System32\Wbem;C:\Windows\System32\WindowsPowerShell\v1.0\;C:\Windows\System32\OpenSSH\;C:\Program Files\PuTTY\;C:\Program Files (x86)\Microsoft SQL Server\150\DTS\Binn\;C:\Program Files\Azure Data Studio\bin;C:\Program Files\MySQL\MySQL Shell 8.0\bin\;C:\Users\Karakan Real Edition\AppData\Local\Microsoft\WindowsApps;;C:\Program Files\Azure Data Studio\bin;C:\Users\Karakan Real Edition\Desktop;
USERNAME=Karakan Real Edition
OS=Windows_NT
PROCESSOR_IDENTIFIER=Intel64 Family 6 Model 60 Stepping 3, GenuineIntel



---------------  S Y S T E M  ---------------

OS:
 Windows 10 , 64 bit Build 19041 (10.0.19041.928)
OS uptime: 0 days 7:17 hours

CPU: total 4 (initial active 4) (4 cores per cpu, 1 threads per core) family 6 model 60 stepping 3 microcode 0x27, cmov, cx8, fxsr, mmx, sse, sse2, sse3, ssse3, sse4.1, sse4.2, popcnt, vzeroupper, avx, avx2, aes, clmul, erms, lzcnt, tsc, tscinvbit, bmi1, bmi2, fma, clflush

Memory: 4k page, system-wide physical 8143M (1948M free)
TotalPageFile size 16286M (AvailPageFile size 86M)
current process WorkingSet (physical memory assigned to process): 10M, peak: 10M
current process commit charge ("private bytes"): 51M, peak: 179M

vm_info: OpenJDK 64-Bit Server VM (15.0.1+9-18) for windows-amd64 JRE (15.0.1+9-18), built on Sep 15 2020 14:39:31 by "mach5one" with unknown MS VC++:1925

END.
